<?xml version="1.0" encoding="UTF-8"?>
<!-- Generated by org.testng.reporters.JUnitReportReporter -->
<testsuite skipped="0" hostname="QAP03-PC" name="testScripts.Tc1" tests="1" failures="0" timestamp="28 Mar 2018 05:21:14 GMT" time="10.671" errors="0">
  <testcase name="login" time="10.671" classname="testScripts.Tc1"/>
</testsuite> <!-- testScripts.Tc1 -->
